cpanm (App::cpanminus) 1.7044 on perl 5.026001 built for x86_64-linux-gnu-thread-multi
Work directory is /home/jesper/.cpanm/work/1562049101.9004
You have make /usr/bin/make
You have /usr/bin/wget
You have /bin/tar: tar (GNU tar) 1.29
Copyright (C) 2015 Free Software Foundation, Inc.
License GPLv3+: GNU GPL version 3 or later <http://gnu.org/licenses/gpl.html>.
This is free software: you are free to change and redistribute it.
There is NO WARRANTY, to the extent permitted by law.

Written by John Gilmore and Jay Fenlason.
Searching Config::Simple () on cpanmetadb ...
--> Working on Config::Simple
Fetching http://www.cpan.org/authors/id/S/SH/SHERZODR/Config-Simple-4.58.tar.gz
-> OK
Unpacking Config-Simple-4.58.tar.gz
Entering Config-Simple-4.58
Checking configure dependencies from META.yml
Configuring Config-Simple-4.58
Running Makefile.PL
Checking if your kit is complete...
Looks good
Generating a Unix-style Makefile
Writing Makefile for Config::Simple
Writing MYMETA.yml and MYMETA.json
-> OK
Checking dependencies from MYMETA.json ...
Checking if you have ExtUtils::MakeMaker 0 ... Yes (7.24)
Building and testing Config-Simple-4.58
cp Simple.pm blib/lib/Config/Simple.pm
AutoSplitting blib/lib/Config/Simple.pm (blib/lib/auto/Config/Simple)
Manifying 1 pod document
PERL_DL_NONLAZY=1 "/usr/bin/perl" "-MExtUtils::Command::MM" "-MTest::Harness" "-e" "undef *Test::Harness::Switches; test_harness(0, 'blib/lib', 'blib/arch')" t/*.t
t/bug.t ............. ok
t/create.t .......... ok
t/import.t .......... ok
t/ini.t ............. ok
t/is_modified.t ..... ok
t/read-rv.t ......... ok
t/simple.t .......... ok
t/simplified-ini.t .. ok
t/tie.t ............. ok
All tests successful.
Files=9, Tests=75,  1 wallclock secs ( 0.04 usr  0.01 sys +  0.24 cusr  0.02 csys =  0.31 CPU)
Result: PASS
Manifying 1 pod document
Installing /usr/local/share/perl/5.26.1/Config/Simple.pm
Installing /usr/local/share/perl/5.26.1/auto/Config/Simple/import_names.al
Installing /usr/local/share/perl/5.26.1/auto/Config/Simple/STORE.al
Installing /usr/local/share/perl/5.26.1/auto/Config/Simple/FETCH.al
Installing /usr/local/share/perl/5.26.1/auto/Config/Simple/param_hash.al
Installing /usr/local/share/perl/5.26.1/auto/Config/Simple/TIEHASH.al
Installing /usr/local/share/perl/5.26.1/auto/Config/Simple/dump.al
Installing /usr/local/share/perl/5.26.1/auto/Config/Simple/FIRSTKEY.al
Installing /usr/local/share/perl/5.26.1/auto/Config/Simple/autosplit.ix
Installing /usr/local/share/perl/5.26.1/auto/Config/Simple/CLEAR.al
Installing /usr/local/share/perl/5.26.1/auto/Config/Simple/verbose.al
Installing /usr/local/share/perl/5.26.1/auto/Config/Simple/DELETE.al
Installing /usr/local/share/perl/5.26.1/auto/Config/Simple/write_string.al
Installing /usr/local/share/perl/5.26.1/auto/Config/Simple/import_from.al
Installing /usr/local/share/perl/5.26.1/auto/Config/Simple/error.al
Installing /usr/local/share/perl/5.26.1/auto/Config/Simple/NEXTKEY.al
Installing /usr/local/share/perl/5.26.1/auto/Config/Simple/block.al
Installing /usr/local/share/perl/5.26.1/auto/Config/Simple/errstr.al
Installing /usr/local/share/perl/5.26.1/auto/Config/Simple/EXISTS.al
Installing /usr/local/share/perl/5.26.1/auto/Config/Simple/hashref.al
Installing /usr/local/share/perl/5.26.1/auto/Config/Simple/vars.al
Installing /usr/local/man/man3/Config::Simple.3pm
Appending installation info to /usr/local/lib/x86_64-linux-gnu/perl/5.26.1/perllocal.pod
-> OK
Successfully installed Config-Simple-4.58
Installing /usr/local/share/perl/5.26.1/x86_64-linux-gnu-thread-multi/.meta/Config-Simple-4.58/install.json
Installing /usr/local/share/perl/5.26.1/x86_64-linux-gnu-thread-multi/.meta/Config-Simple-4.58/MYMETA.json
1 distribution installed
